<?xml version="1.0" encoding="UTF-8"?>
<!-- Generated by org.testng.reporters.JUnitReportReporter -->
<testsuite hostname="nis1631-mbpr.local" name="com.albee.testpage.Test_login" tests="1" failures="0" timestamp="19 Apr 2016 18:05:38 GMT" time="169.207" errors="1">
  <testcase name="Login" time="169.207" classname="com.albee.testpage.Test_login">
    <error type="org.openqa.selenium.NoSuchWindowException" message="Window not found. The browser window may have been closed.
Command duration or timeout: 32 milliseconds
Build info: version: &#039;2.52.0&#039;, revision: &#039;4c2593c&#039;, time: &#039;2016-02-11 19:03:33&#039;
System info: host: &#039;nis1631-mbpr.local&#039;, ip: &#039;192.168.7.75&#039;, os.name: &#039;Mac OS X&#039;, os.arch: &#039;x86_64&#039;, os.version: &#039;10.10.2&#039;, java.version: &#039;1.7.0_79&#039;
*** Element info: {Using=xpath, value=//div[@class=&#039;links&#039;]//a[text()=&#039;My Account&#039;]}
Session ID: 8c456b99-e01f-4846-8faf-a42592086bc5
Driver info: org.openqa.selenium.firefox.FirefoxDriver
Capabilities [{platform=MAC, acceptSslCerts=true, javascriptEnabled=true, cssSelectorsEnabled=true, databaseEnabled=true, browserName=firefox, handlesAlerts=true, nativeEvents=false, webStorageEnabled=true, rotatable=false, locationContextEnabled=true, applicationCacheEnabled=true, takesScreenshot=true, version=45.0.2}]">
      <![CDATA[org.openqa.selenium.NoSuchWindowException: Window not found. The browser window may have been closed.
Command duration or timeout: 32 milliseconds
Build info: version: '2.52.0', revision: '4c2593c', time: '2016-02-11 19:03:33'
System info: host: 'nis1631-mbpr.local', ip: '192.168.7.75', os.name: 'Mac OS X', os.arch: 'x86_64', os.version: '10.10.2', java.version: '1.7.0_79'
*** Element info: {Using=xpath, value=//div[@class='links']//a[text()='My Account']}
Session ID: 8c456b99-e01f-4846-8faf-a42592086bc5
Driver info: org.openqa.selenium.firefox.FirefoxDriver
Capabilities [{platform=MAC, acceptSslCerts=true, javascriptEnabled=true, cssSelectorsEnabled=true, databaseEnabled=true, browserName=firefox, handlesAlerts=true, nativeEvents=false, webStorageEnabled=true, rotatable=false, locationContextEnabled=true, applicationCacheEnabled=true, takesScreenshot=true, version=45.0.2}]
	at sun.reflect.NativeConstructorAccessorImpl.newInstance0(Native Method)
	at sun.reflect.NativeConstructorAccessorImpl.newInstance(NativeConstructorAccessorImpl.java:57)
	at sun.reflect.DelegatingConstructorAccessorImpl.newInstance(DelegatingConstructorAccessorImpl.java:45)
	at java.lang.reflect.Constructor.newInstance(Constructor.java:526)
	at org.openqa.selenium.remote.ErrorHandler.createThrowable(ErrorHandler.java:206)
	at org.openqa.selenium.remote.ErrorHandler.throwIfResponseFailed(ErrorHandler.java:158)
	at org.openqa.selenium.remote.RemoteWebDriver.execute(RemoteWebDriver.java:678)
	at org.openqa.selenium.remote.RemoteWebDriver.findElement(RemoteWebDriver.java:363)
	at org.openqa.selenium.remote.RemoteWebDriver.findElementByXPath(RemoteWebDriver.java:500)
	at org.openqa.selenium.By$ByXPath.findElement(By.java:361)
	at org.openqa.selenium.remote.RemoteWebDriver.findElement(RemoteWebDriver.java:355)
	at org.openqa.selenium.support.pagefactory.DefaultElementLocator.findElement(DefaultElementLocator.java:69)
	at org.openqa.selenium.support.pagefactory.internal.LocatingElementHandler.invoke(LocatingElementHandler.java:38)
	at com.sun.proxy.$Proxy5.click(Unknown Source)
	at com.albee.webPages.Homepage.navAccount(Homepage.java:23)
	at com.albee.webPages.Loginpage.userAccountLogin(Loginpage.java:45)
	at com.albee.testpage.Test_login.Login(Test_login.java:114)
	at sun.reflect.NativeMethodAccessorImpl.invoke0(Native Method)
	at sun.reflect.NativeMethodAccessorImpl.invoke(NativeMethodAccessorImpl.java:57)
	at sun.reflect.DelegatingMethodAccessorImpl.invoke(DelegatingMethodAccessorImpl.java:43)
	at java.lang.reflect.Method.invoke(Method.java:606)
	at org.testng.internal.MethodInvocationHelper.invokeMethod(MethodInvocationHelper.java:85)
	at org.testng.internal.Invoker.invokeMethod(Invoker.java:639)
	at org.testng.internal.Invoker.invokeTestMethod(Invoker.java:816)
	at org.testng.internal.Invoker.invokeTestMethods(Invoker.java:1124)
	at org.testng.internal.TestMethodWorker.invokeTestMethods(TestMethodWorker.java:125)
	at org.testng.internal.TestMethodWorker.run(TestMethodWorker.java:108)
	at org.testng.TestRunner.privateRun(TestRunner.java:774)
	at org.testng.TestRunner.run(TestRunner.java:624)
	at org.testng.SuiteRunner.runTest(SuiteRunner.java:359)
	at org.testng.SuiteRunner.runSequentially(SuiteRunner.java:354)
	at org.testng.SuiteRunner.privateRun(SuiteRunner.java:312)
	at org.testng.SuiteRunner.run(SuiteRunner.java:261)
	at org.testng.SuiteRunnerWorker.runSuite(SuiteRunnerWorker.java:52)
	at org.testng.SuiteRunnerWorker.run(SuiteRunnerWorker.java:86)
	at org.testng.TestNG.runSuitesSequentially(TestNG.java:1215)
	at org.testng.TestNG.runSuitesLocally(TestNG.java:1140)
	at org.testng.TestNG.run(TestNG.java:1048)
	at org.testng.remote.RemoteTestNG.run(RemoteTestNG.java:112)
	at org.testng.remote.RemoteTestNG.initAndRun(RemoteTestNG.java:205)
	at org.testng.remote.RemoteTestNG.main(RemoteTestNG.java:176)
Caused by: org.openqa.selenium.NoSuchWindowException: Window not found. The browser window may have been closed.
Build info: version: '2.52.0', revision: '4c2593c', time: '2016-02-11 19:03:33'
System info: host: 'nis1631-mbpr.local', ip: '192.168.7.75', os.name: 'Mac OS X', os.arch: 'x86_64', os.version: '10.10.2', java.version: '1.7.0_79'
Driver info: driver.version: unknown
	at <anonymous class>.nsCommandProcessor.prototype.execute(file:///var/folders/44/q0w50b9542g7twp10rbwclwm0000gn/T/anonymous377771986081865378webdriver-profile/extensions/fxdriver@googlecode.com/components/command-processor.js:12672)
	at <anonymous class>.Dispatcher.executeAs/<(file:///var/folders/44/q0w50b9542g7twp10rbwclwm0000gn/T/anonymous377771986081865378webdriver-profile/extensions/fxdriver@googlecode.com/components/driver-component.js:9511)
	at <anonymous class>.Resource.prototype.handle(file:///var/folders/44/q0w50b9542g7twp10rbwclwm0000gn/T/anonymous377771986081865378webdriver-profile/extensions/fxdriver@googlecode.com/components/driver-component.js:9658)
	at <anonymous class>.Dispatcher.prototype.dispatch(file:///var/folders/44/q0w50b9542g7twp10rbwclwm0000gn/T/anonymous377771986081865378webdriver-profile/extensions/fxdriver@googlecode.com/components/driver-component.js:9605)
	at <anonymous class>.WebDriverServer/<.handle(file:///var/folders/44/q0w50b9542g7twp10rbwclwm0000gn/T/anonymous377771986081865378webdriver-profile/extensions/fxdriver@googlecode.com/components/driver-component.js:12470)
	at <anonymous class>.createHandlerFunc/<(file:///var/folders/44/q0w50b9542g7twp10rbwclwm0000gn/T/anonymous377771986081865378webdriver-profile/extensions/fxdriver@googlecode.com/components/httpd.js:2054)
	at <anonymous class>.ServerHandler.prototype.handleResponse(file:///var/folders/44/q0w50b9542g7twp10rbwclwm0000gn/T/anonymous377771986081865378webdriver-profile/extensions/fxdriver@googlecode.com/components/httpd.js:2387)
	at <anonymous class>.Connection.prototype.process(file:///var/folders/44/q0w50b9542g7twp10rbwclwm0000gn/T/anonymous377771986081865378webdriver-profile/extensions/fxdriver@googlecode.com/components/httpd.js:1223)
	at <anonymous class>.RequestReader.prototype._handleResponse(file:///var/folders/44/q0w50b9542g7twp10rbwclwm0000gn/T/anonymous377771986081865378webdriver-profile/extensions/fxdriver@googlecode.com/components/httpd.js:1677)
	at <anonymous class>.RequestReader.prototype._processBody(file:///var/folders/44/q0w50b9542g7twp10rbwclwm0000gn/T/anonymous377771986081865378webdriver-profile/extensions/fxdriver@googlecode.com/components/httpd.js:1525)
	at <anonymous class>.RequestReader.prototype.onInputStreamReady(file:///var/folders/44/q0w50b9542g7twp10rbwclwm0000gn/T/anonymous377771986081865378webdriver-profile/extensions/fxdriver@googlecode.com/components/httpd.js:1393)
]]>
    </error>
  </testcase> <!-- Login -->
</testsuite> <!-- com.albee.testpage.Test_login -->
